<?xml version="1.0" encoding="UTF-8"?>
<testsuite xmlns:xsi="http://www.w3.org/2001/XMLSchema-instance" xsi:noNamespaceSchemaLocation="https://maven.apache.org/surefire/maven-surefire-plugin/xsd/surefire-test-report-3.0.xsd" version="3.0" name="com.yummly.web.WebApplicationTests" time="9.433" tests="1" errors="0" skipped="0" failures="0">
  <properties>
    <property name="java.specification.version" value="21"/>
    <property name="sun.cpu.isalist" value="amd64"/>
    <property name="sun.jnu.encoding" value="Cp1252"/>
    <property name="java.class.path" value="C:\Users\lasit\OneDrive\Documents\IDEs\VS Code\Paff-Yummly-App\backend\target\test-classes;C:\Users\lasit\OneDrive\Documents\IDEs\VS Code\Paff-Yummly-App\backend\target\classes;C:\Users\lasit\.m2\repository\org\springframework\boot\spring-boot-starter-web\3.2.0\spring-boot-starter-web-3.2.0.jar;C:\Users\lasit\.m2\repository\org\springframework\boot\spring-boot-starter\3.2.0\spring-boot-starter-3.2.0.jar;C:\Users\lasit\.m2\repository\org\springframework\boot\spring-boot\3.2.0\spring-boot-3.2.0.jar;C:\Users\lasit\.m2\repository\org\springframework\boot\spring-boot-autoconfigure\3.2.0\spring-boot-autoconfigure-3.2.0.jar;C:\Users\lasit\.m2\repository\org\springframework\boot\spring-boot-starter-logging\3.2.0\spring-boot-starter-logging-3.2.0.jar;C:\Users\lasit\.m2\repository\ch\qos\logback\logback-classic\1.4.11\logback-classic-1.4.11.jar;C:\Users\lasit\.m2\repository\ch\qos\logback\logback-core\1.4.11\logback-core-1.4.11.jar;C:\Users\lasit\.m2\repository\org\apache\logging\log4j\log4j-to-slf4j\2.21.1\log4j-to-slf4j-2.21.1.jar;C:\Users\lasit\.m2\repository\org\apache\logging\log4j\log4j-api\2.21.1\log4j-api-2.21.1.jar;C:\Users\lasit\.m2\repository\org\slf4j\jul-to-slf4j\2.0.9\jul-to-slf4j-2.0.9.jar;C:\Users\lasit\.m2\repository\jakarta\annotation\jakarta.annotation-api\2.1.1\jakarta.annotation-api-2.1.1.jar;C:\Users\lasit\.m2\repository\org\yaml\snakeyaml\2.2\snakeyaml-2.2.jar;C:\Users\lasit\.m2\repository\org\springframework\boot\spring-boot-starter-json\3.2.0\spring-boot-starter-json-3.2.0.jar;C:\Users\lasit\.m2\repository\com\fasterxml\jackson\core\jackson-databind\2.15.3\jackson-databind-2.15.3.jar;C:\Users\lasit\.m2\repository\com\fasterxml\jackson\core\jackson-annotations\2.15.3\jackson-annotations-2.15.3.jar;C:\Users\lasit\.m2\repository\com\fasterxml\jackson\core\jackson-core\2.15.3\jackson-core-2.15.3.jar;C:\Users\lasit\.m2\repository\com\fasterxml\jackson\datatype\jackson-datatype-jdk8\2.15.3\jackson-datatype-jdk8-2.15.3.jar;C:\Users\lasit\.m2\repository\com\fasterxml\jackson\datatype\jackson-datatype-jsr310\2.15.3\jackson-datatype-jsr310-2.15.3.jar;C:\Users\lasit\.m2\repository\com\fasterxml\jackson\module\jackson-module-parameter-names\2.15.3\jackson-module-parameter-names-2.15.3.jar;C:\Users\lasit\.m2\repository\org\springframework\boot\spring-boot-starter-tomcat\3.2.0\spring-boot-starter-tomcat-3.2.0.jar;C:\Users\lasit\.m2\repository\org\apache\tomcat\embed\tomcat-embed-core\10.1.16\tomcat-embed-core-10.1.16.jar;C:\Users\lasit\.m2\repository\org\apache\tomcat\embed\tomcat-embed-el\10.1.16\tomcat-embed-el-10.1.16.jar;C:\Users\lasit\.m2\repository\org\apache\tomcat\embed\tomcat-embed-websocket\10.1.16\tomcat-embed-websocket-10.1.16.jar;C:\Users\lasit\.m2\repository\org\springframework\spring-web\6.1.1\spring-web-6.1.1.jar;C:\Users\lasit\.m2\repository\org\springframework\spring-beans\6.1.1\spring-beans-6.1.1.jar;C:\Users\lasit\.m2\repository\org\springframework\spring-webmvc\6.1.1\spring-webmvc-6.1.1.jar;C:\Users\lasit\.m2\repository\org\springframework\spring-aop\6.1.1\spring-aop-6.1.1.jar;C:\Users\lasit\.m2\repository\org\springframework\spring-context\6.1.1\spring-context-6.1.1.jar;C:\Users\lasit\.m2\repository\org\springframework\spring-expression\6.1.1\spring-expression-6.1.1.jar;C:\Users\lasit\.m2\repository\com\h2database\h2\2.2.224\h2-2.2.224.jar;C:\Users\lasit\.m2\repository\com\mysql\mysql-connector-j\8.1.0\mysql-connector-j-8.1.0.jar;C:\Users\lasit\.m2\repository\org\springframework\boot\spring-boot-starter-test\3.2.0\spring-boot-starter-test-3.2.0.jar;C:\Users\lasit\.m2\repository\org\springframework\boot\spring-boot-test\3.2.0\spring-boot-test-3.2.0.jar;C:\Users\lasit\.m2\repository\org\springframework\boot\spring-boot-test-autoconfigure\3.2.0\spring-boot-test-autoconfigure-3.2.0.jar;C:\Users\lasit\.m2\repository\com\jayway\jsonpath\json-path\2.8.0\json-path-2.8.0.jar;C:\Users\lasit\.m2\repository\org\slf4j\slf4j-api\2.0.9\slf4j-api-2.0.9.jar;C:\Users\lasit\.m2\repository\jakarta\xml\bind\jakarta.xml.bind-api\4.0.1\jakarta.xml.bind-api-4.0.1.jar;C:\Users\lasit\.m2\repository\jakarta\activation\jakarta.activation-api\2.1.2\jakarta.activation-api-2.1.2.jar;C:\Users\lasit\.m2\repository\net\minidev\json-smart\2.5.0\json-smart-2.5.0.jar;C:\Users\lasit\.m2\repository\net\minidev\accessors-smart\2.5.0\accessors-smart-2.5.0.jar;C:\Users\lasit\.m2\repository\org\ow2\asm\asm\9.3\asm-9.3.jar;C:\Users\lasit\.m2\repository\org\assertj\assertj-core\3.24.2\assertj-core-3.24.2.jar;C:\Users\lasit\.m2\repository\net\bytebuddy\byte-buddy\1.14.10\byte-buddy-1.14.10.jar;C:\Users\lasit\.m2\repository\org\awaitility\awaitility\4.2.0\awaitility-4.2.0.jar;C:\Users\lasit\.m2\repository\org\hamcrest\hamcrest\2.2\hamcrest-2.2.jar;C:\Users\lasit\.m2\repository\org\junit\jupiter\junit-jupiter\5.10.1\junit-jupiter-5.10.1.jar;C:\Users\lasit\.m2\repository\org\junit\jupiter\junit-jupiter-api\5.10.1\junit-jupiter-api-5.10.1.jar;C:\Users\lasit\.m2\repository\org\opentest4j\opentest4j\1.3.0\opentest4j-1.3.0.jar;C:\Users\lasit\.m2\repository\org\junit\platform\junit-platform-commons\1.10.1\junit-platform-commons-1.10.1.jar;C:\Users\lasit\.m2\repository\org\apiguardian\apiguardian-api\1.1.2\apiguardian-api-1.1.2.jar;C:\Users\lasit\.m2\repository\org\junit\jupiter\junit-jupiter-params\5.10.1\junit-jupiter-params-5.10.1.jar;C:\Users\lasit\.m2\repository\org\junit\jupiter\junit-jupiter-engine\5.10.1\junit-jupiter-engine-5.10.1.jar;C:\Users\lasit\.m2\repository\org\junit\platform\junit-platform-engine\1.10.1\junit-platform-engine-1.10.1.jar;C:\Users\lasit\.m2\repository\org\mockito\mockito-core\5.7.0\mockito-core-5.7.0.jar;C:\Users\lasit\.m2\repository\net\bytebuddy\byte-buddy-agent\1.14.10\byte-buddy-agent-1.14.10.jar;C:\Users\lasit\.m2\repository\org\objenesis\objenesis\3.3\objenesis-3.3.jar;C:\Users\lasit\.m2\repository\org\mockito\mockito-junit-jupiter\5.7.0\mockito-junit-jupiter-5.7.0.jar;C:\Users\lasit\.m2\repository\org\skyscreamer\jsonassert\1.5.1\jsonassert-1.5.1.jar;C:\Users\lasit\.m2\repository\com\vaadin\external\google\android-json\0.0.20131108.vaadin1\android-json-0.0.20131108.vaadin1.jar;C:\Users\lasit\.m2\repository\org\springframework\spring-core\6.1.1\spring-core-6.1.1.jar;C:\Users\lasit\.m2\repository\org\springframework\spring-jcl\6.1.1\spring-jcl-6.1.1.jar;C:\Users\lasit\.m2\repository\org\springframework\spring-test\6.1.1\spring-test-6.1.1.jar;C:\Users\lasit\.m2\repository\org\xmlunit\xmlunit-core\2.9.1\xmlunit-core-2.9.1.jar;C:\Users\lasit\.m2\repository\org\springframework\boot\spring-boot-starter-data-jpa\3.2.0\spring-boot-starter-data-jpa-3.2.0.jar;C:\Users\lasit\.m2\repository\org\springframework\boot\spring-boot-starter-aop\3.2.0\spring-boot-starter-aop-3.2.0.jar;C:\Users\lasit\.m2\repository\org\aspectj\aspectjweaver\1.9.20.1\aspectjweaver-1.9.20.1.jar;C:\Users\lasit\.m2\repository\org\springframework\boot\spring-boot-starter-jdbc\3.2.0\spring-boot-starter-jdbc-3.2.0.jar;C:\Users\lasit\.m2\repository\com\zaxxer\HikariCP\5.0.1\HikariCP-5.0.1.jar;C:\Users\lasit\.m2\repository\org\springframework\spring-jdbc\6.1.1\spring-jdbc-6.1.1.jar;C:\Users\lasit\.m2\repository\org\hibernate\orm\hibernate-core\6.3.1.Final\hibernate-core-6.3.1.Final.jar;C:\Users\lasit\.m2\repository\jakarta\persistence\jakarta.persistence-api\3.1.0\jakarta.persistence-api-3.1.0.jar;C:\Users\lasit\.m2\repository\jakarta\transaction\jakarta.transaction-api\2.0.1\jakarta.transaction-api-2.0.1.jar;C:\Users\lasit\.m2\repository\org\jboss\logging\jboss-logging\3.5.3.Final\jboss-logging-3.5.3.Final.jar;C:\Users\lasit\.m2\repository\org\hibernate\common\hibernate-commons-annotations\6.0.6.Final\hibernate-commons-annotations-6.0.6.Final.jar;C:\Users\lasit\.m2\repository\io\smallrye\jandex\3.1.2\jandex-3.1.2.jar;C:\Users\lasit\.m2\repository\com\fasterxml\classmate\1.6.0\classmate-1.6.0.jar;C:\Users\lasit\.m2\repository\org\glassfish\jaxb\jaxb-runtime\4.0.4\jaxb-runtime-4.0.4.jar;C:\Users\lasit\.m2\repository\org\glassfish\jaxb\jaxb-core\4.0.4\jaxb-core-4.0.4.jar;C:\Users\lasit\.m2\repository\org\eclipse\angus\angus-activation\2.0.1\angus-activation-2.0.1.jar;C:\Users\lasit\.m2\repository\org\glassfish\jaxb\txw2\4.0.4\txw2-4.0.4.jar;C:\Users\lasit\.m2\repository\com\sun\istack\istack-commons-runtime\4.1.2\istack-commons-runtime-4.1.2.jar;C:\Users\lasit\.m2\repository\jakarta\inject\jakarta.inject-api\2.0.1\jakarta.inject-api-2.0.1.jar;C:\Users\lasit\.m2\repository\org\antlr\antlr4-runtime\4.10.1\antlr4-runtime-4.10.1.jar;C:\Users\lasit\.m2\repository\org\springframework\data\spring-data-jpa\3.2.0\spring-data-jpa-3.2.0.jar;C:\Users\lasit\.m2\repository\org\springframework\data\spring-data-commons\3.2.0\spring-data-commons-3.2.0.jar;C:\Users\lasit\.m2\repository\org\springframework\spring-orm\6.1.1\spring-orm-6.1.1.jar;C:\Users\lasit\.m2\repository\org\springframework\spring-tx\6.1.1\spring-tx-6.1.1.jar;C:\Users\lasit\.m2\repository\org\springframework\spring-aspects\6.1.1\spring-aspects-6.1.1.jar;C:\Users\lasit\.m2\repository\org\springframework\boot\spring-boot-starter-thymeleaf\3.2.0\spring-boot-starter-thymeleaf-3.2.0.jar;C:\Users\lasit\.m2\repository\org\thymeleaf\thymeleaf-spring6\3.1.2.RELEASE\thymeleaf-spring6-3.1.2.RELEASE.jar;C:\Users\lasit\.m2\repository\org\thymeleaf\thymeleaf\3.1.2.RELEASE\thymeleaf-3.1.2.RELEASE.jar;C:\Users\lasit\.m2\repository\org\attoparser\attoparser\2.0.7.RELEASE\attoparser-2.0.7.RELEASE.jar;C:\Users\lasit\.m2\repository\org\unbescape\unbescape\1.1.6.RELEASE\unbescape-1.1.6.RELEASE.jar;C:\Users\lasit\.m2\repository\io\jsonwebtoken\jjwt-api\0.11.5\jjwt-api-0.11.5.jar;C:\Users\lasit\.m2\repository\org\projectlombok\lombok\1.18.30\lombok-1.18.30.jar;C:\Users\lasit\.m2\repository\org\modelmapper\modelmapper\3.1.1\modelmapper-3.1.1.jar;C:\Users\lasit\.m2\repository\org\springframework\boot\spring-boot-starter-actuator\3.2.0\spring-boot-starter-actuator-3.2.0.jar;C:\Users\lasit\.m2\repository\org\springframework\boot\spring-boot-actuator-autoconfigure\3.2.0\spring-boot-actuator-autoconfigure-3.2.0.jar;C:\Users\lasit\.m2\repository\org\springframework\boot\spring-boot-actuator\3.2.0\spring-boot-actuator-3.2.0.jar;C:\Users\lasit\.m2\repository\io\micrometer\micrometer-observation\1.12.0\micrometer-observation-1.12.0.jar;C:\Users\lasit\.m2\repository\io\micrometer\micrometer-commons\1.12.0\micrometer-commons-1.12.0.jar;C:\Users\lasit\.m2\repository\io\micrometer\micrometer-jakarta9\1.12.0\micrometer-jakarta9-1.12.0.jar;C:\Users\lasit\.m2\repository\io\micrometer\micrometer-core\1.12.0\micrometer-core-1.12.0.jar;C:\Users\lasit\.m2\repository\org\hdrhistogram\HdrHistogram\2.1.12\HdrHistogram-2.1.12.jar;C:\Users\lasit\.m2\repository\org\latencyutils\LatencyUtils\2.0.3\LatencyUtils-2.0.3.jar;"/>
    <property name="java.vm.vendor" value="Oracle Corporation"/>
    <property name="sun.arch.data.model" value="64"/>
    <property name="user.variant" value=""/>
    <property name="java.vendor.url" value="https://java.oracle.com/"/>
    <property name="user.timezone" value="Asia/Colombo"/>
    <property name="org.jboss.logging.provider" value="slf4j"/>
    <property name="os.name" value="Windows 11"/>
    <property name="java.vm.specification.version" value="21"/>
    <property name="sun.java.launcher" value="SUN_STANDARD"/>
    <property name="user.country" value="CA"/>
    <property name="sun.boot.library.path" value="C:\Program Files\Java\jdk-21\bin"/>
    <property name="sun.java.command" value="C:\Users\lasit\AppData\Local\Temp\surefire6391471486483500710\surefirebooter-20250506170503822_3.jar C:\Users\lasit\AppData\Local\Temp\surefire6391471486483500710 2025-05-06T17-05-03_639-jvmRun1 surefire-20250506170503822_1tmp surefire_0-20250506170503822_2tmp"/>
    <property name="jdk.debug" value="release"/>
    <property name="surefire.test.class.path" value="C:\Users\lasit\OneDrive\Documents\IDEs\VS Code\Paff-Yummly-App\backend\target\test-classes;C:\Users\lasit\OneDrive\Documents\IDEs\VS Code\Paff-Yummly-App\backend\target\classes;C:\Users\lasit\.m2\repository\org\springframework\boot\spring-boot-starter-web\3.2.0\spring-boot-starter-web-3.2.0.jar;C:\Users\lasit\.m2\repository\org\springframework\boot\spring-boot-starter\3.2.0\spring-boot-starter-3.2.0.jar;C:\Users\lasit\.m2\repository\org\springframework\boot\spring-boot\3.2.0\spring-boot-3.2.0.jar;C:\Users\lasit\.m2\repository\org\springframework\boot\spring-boot-autoconfigure\3.2.0\spring-boot-autoconfigure-3.2.0.jar;C:\Users\lasit\.m2\repository\org\springframework\boot\spring-boot-starter-logging\3.2.0\spring-boot-starter-logging-3.2.0.jar;C:\Users\lasit\.m2\repository\ch\qos\logback\logback-classic\1.4.11\logback-classic-1.4.11.jar;C:\Users\lasit\.m2\repository\ch\qos\logback\logback-core\1.4.11\logback-core-1.4.11.jar;C:\Users\lasit\.m2\repository\org\apache\logging\log4j\log4j-to-slf4j\2.21.1\log4j-to-slf4j-2.21.1.jar;C:\Users\lasit\.m2\repository\org\apache\logging\log4j\log4j-api\2.21.1\log4j-api-2.21.1.jar;C:\Users\lasit\.m2\repository\org\slf4j\jul-to-slf4j\2.0.9\jul-to-slf4j-2.0.9.jar;C:\Users\lasit\.m2\repository\jakarta\annotation\jakarta.annotation-api\2.1.1\jakarta.annotation-api-2.1.1.jar;C:\Users\lasit\.m2\repository\org\yaml\snakeyaml\2.2\snakeyaml-2.2.jar;C:\Users\lasit\.m2\repository\org\springframework\boot\spring-boot-starter-json\3.2.0\spring-boot-starter-json-3.2.0.jar;C:\Users\lasit\.m2\repository\com\fasterxml\jackson\core\jackson-databind\2.15.3\jackson-databind-2.15.3.jar;C:\Users\lasit\.m2\repository\com\fasterxml\jackson\core\jackson-annotations\2.15.3\jackson-annotations-2.15.3.jar;C:\Users\lasit\.m2\repository\com\fasterxml\jackson\core\jackson-core\2.15.3\jackson-core-2.15.3.jar;C:\Users\lasit\.m2\repository\com\fasterxml\jackson\datatype\jackson-datatype-jdk8\2.15.3\jackson-datatype-jdk8-2.15.3.jar;C:\Users\lasit\.m2\repository\com\fasterxml\jackson\datatype\jackson-datatype-jsr310\2.15.3\jackson-datatype-jsr310-2.15.3.jar;C:\Users\lasit\.m2\repository\com\fasterxml\jackson\module\jackson-module-parameter-names\2.15.3\jackson-module-parameter-names-2.15.3.jar;C:\Users\lasit\.m2\repository\org\springframework\boot\spring-boot-starter-tomcat\3.2.0\spring-boot-starter-tomcat-3.2.0.jar;C:\Users\lasit\.m2\repository\org\apache\tomcat\embed\tomcat-embed-core\10.1.16\tomcat-embed-core-10.1.16.jar;C:\Users\lasit\.m2\repository\org\apache\tomcat\embed\tomcat-embed-el\10.1.16\tomcat-embed-el-10.1.16.jar;C:\Users\lasit\.m2\repository\org\apache\tomcat\embed\tomcat-embed-websocket\10.1.16\tomcat-embed-websocket-10.1.16.jar;C:\Users\lasit\.m2\repository\org\springframework\spring-web\6.1.1\spring-web-6.1.1.jar;C:\Users\lasit\.m2\repository\org\springframework\spring-beans\6.1.1\spring-beans-6.1.1.jar;C:\Users\lasit\.m2\repository\org\springframework\spring-webmvc\6.1.1\spring-webmvc-6.1.1.jar;C:\Users\lasit\.m2\repository\org\springframework\spring-aop\6.1.1\spring-aop-6.1.1.jar;C:\Users\lasit\.m2\repository\org\springframework\spring-context\6.1.1\spring-context-6.1.1.jar;C:\Users\lasit\.m2\repository\org\springframework\spring-expression\6.1.1\spring-expression-6.1.1.jar;C:\Users\lasit\.m2\repository\com\h2database\h2\2.2.224\h2-2.2.224.jar;C:\Users\lasit\.m2\repository\com\mysql\mysql-connector-j\8.1.0\mysql-connector-j-8.1.0.jar;C:\Users\lasit\.m2\repository\org\springframework\boot\spring-boot-starter-test\3.2.0\spring-boot-starter-test-3.2.0.jar;C:\Users\lasit\.m2\repository\org\springframework\boot\spring-boot-test\3.2.0\spring-boot-test-3.2.0.jar;C:\Users\lasit\.m2\repository\org\springframework\boot\spring-boot-test-autoconfigure\3.2.0\spring-boot-test-autoconfigure-3.2.0.jar;C:\Users\lasit\.m2\repository\com\jayway\jsonpath\json-path\2.8.0\json-path-2.8.0.jar;C:\Users\lasit\.m2\repository\org\slf4j\slf4j-api\2.0.9\slf4j-api-2.0.9.jar;C:\Users\lasit\.m2\repository\jakarta\xml\bind\jakarta.xml.bind-api\4.0.1\jakarta.xml.bind-api-4.0.1.jar;C:\Users\lasit\.m2\repository\jakarta\activation\jakarta.activation-api\2.1.2\jakarta.activation-api-2.1.2.jar;C:\Users\lasit\.m2\repository\net\minidev\json-smart\2.5.0\json-smart-2.5.0.jar;C:\Users\lasit\.m2\repository\net\minidev\accessors-smart\2.5.0\accessors-smart-2.5.0.jar;C:\Users\lasit\.m2\repository\org\ow2\asm\asm\9.3\asm-9.3.jar;C:\Users\lasit\.m2\repository\org\assertj\assertj-core\3.24.2\assertj-core-3.24.2.jar;C:\Users\lasit\.m2\repository\net\bytebuddy\byte-buddy\1.14.10\byte-buddy-1.14.10.jar;C:\Users\lasit\.m2\repository\org\awaitility\awaitility\4.2.0\awaitility-4.2.0.jar;C:\Users\lasit\.m2\repository\org\hamcrest\hamcrest\2.2\hamcrest-2.2.jar;C:\Users\lasit\.m2\repository\org\junit\jupiter\junit-jupiter\5.10.1\junit-jupiter-5.10.1.jar;C:\Users\lasit\.m2\repository\org\junit\jupiter\junit-jupiter-api\5.10.1\junit-jupiter-api-5.10.1.jar;C:\Users\lasit\.m2\repository\org\opentest4j\opentest4j\1.3.0\opentest4j-1.3.0.jar;C:\Users\lasit\.m2\repository\org\junit\platform\junit-platform-commons\1.10.1\junit-platform-commons-1.10.1.jar;C:\Users\lasit\.m2\repository\org\apiguardian\apiguardian-api\1.1.2\apiguardian-api-1.1.2.jar;C:\Users\lasit\.m2\repository\org\junit\jupiter\junit-jupiter-params\5.10.1\junit-jupiter-params-5.10.1.jar;C:\Users\lasit\.m2\repository\org\junit\jupiter\junit-jupiter-engine\5.10.1\junit-jupiter-engine-5.10.1.jar;C:\Users\lasit\.m2\repository\org\junit\platform\junit-platform-engine\1.10.1\junit-platform-engine-1.10.1.jar;C:\Users\lasit\.m2\repository\org\mockito\mockito-core\5.7.0\mockito-core-5.7.0.jar;C:\Users\lasit\.m2\repository\net\bytebuddy\byte-buddy-agent\1.14.10\byte-buddy-agent-1.14.10.jar;C:\Users\lasit\.m2\repository\org\objenesis\objenesis\3.3\objenesis-3.3.jar;C:\Users\lasit\.m2\repository\org\mockito\mockito-junit-jupiter\5.7.0\mockito-junit-jupiter-5.7.0.jar;C:\Users\lasit\.m2\repository\org\skyscreamer\jsonassert\1.5.1\jsonassert-1.5.1.jar;C:\Users\lasit\.m2\repository\com\vaadin\external\google\android-json\0.0.20131108.vaadin1\android-json-0.0.20131108.vaadin1.jar;C:\Users\lasit\.m2\repository\org\springframework\spring-core\6.1.1\spring-core-6.1.1.jar;C:\Users\lasit\.m2\repository\org\springframework\spring-jcl\6.1.1\spring-jcl-6.1.1.jar;C:\Users\lasit\.m2\repository\org\springframework\spring-test\6.1.1\spring-test-6.1.1.jar;C:\Users\lasit\.m2\repository\org\xmlunit\xmlunit-core\2.9.1\xmlunit-core-2.9.1.jar;C:\Users\lasit\.m2\repository\org\springframework\boot\spring-boot-starter-data-jpa\3.2.0\spring-boot-starter-data-jpa-3.2.0.jar;C:\Users\lasit\.m2\repository\org\springframework\boot\spring-boot-starter-aop\3.2.0\spring-boot-starter-aop-3.2.0.jar;C:\Users\lasit\.m2\repository\org\aspectj\aspectjweaver\1.9.20.1\aspectjweaver-1.9.20.1.jar;C:\Users\lasit\.m2\repository\org\springframework\boot\spring-boot-starter-jdbc\3.2.0\spring-boot-starter-jdbc-3.2.0.jar;C:\Users\lasit\.m2\repository\com\zaxxer\HikariCP\5.0.1\HikariCP-5.0.1.jar;C:\Users\lasit\.m2\repository\org\springframework\spring-jdbc\6.1.1\spring-jdbc-6.1.1.jar;C:\Users\lasit\.m2\repository\org\hibernate\orm\hibernate-core\6.3.1.Final\hibernate-core-6.3.1.Final.jar;C:\Users\lasit\.m2\repository\jakarta\persistence\jakarta.persistence-api\3.1.0\jakarta.persistence-api-3.1.0.jar;C:\Users\lasit\.m2\repository\jakarta\transaction\jakarta.transaction-api\2.0.1\jakarta.transaction-api-2.0.1.jar;C:\Users\lasit\.m2\repository\org\jboss\logging\jboss-logging\3.5.3.Final\jboss-logging-3.5.3.Final.jar;C:\Users\lasit\.m2\repository\org\hibernate\common\hibernate-commons-annotations\6.0.6.Final\hibernate-commons-annotations-6.0.6.Final.jar;C:\Users\lasit\.m2\repository\io\smallrye\jandex\3.1.2\jandex-3.1.2.jar;C:\Users\lasit\.m2\repository\com\fasterxml\classmate\1.6.0\classmate-1.6.0.jar;C:\Users\lasit\.m2\repository\org\glassfish\jaxb\jaxb-runtime\4.0.4\jaxb-runtime-4.0.4.jar;C:\Users\lasit\.m2\repository\org\glassfish\jaxb\jaxb-core\4.0.4\jaxb-core-4.0.4.jar;C:\Users\lasit\.m2\repository\org\eclipse\angus\angus-activation\2.0.1\angus-activation-2.0.1.jar;C:\Users\lasit\.m2\repository\org\glassfish\jaxb\txw2\4.0.4\txw2-4.0.4.jar;C:\Users\lasit\.m2\repository\com\sun\istack\istack-commons-runtime\4.1.2\istack-commons-runtime-4.1.2.jar;C:\Users\lasit\.m2\repository\jakarta\inject\jakarta.inject-api\2.0.1\jakarta.inject-api-2.0.1.jar;C:\Users\lasit\.m2\repository\org\antlr\antlr4-runtime\4.10.1\antlr4-runtime-4.10.1.jar;C:\Users\lasit\.m2\repository\org\springframework\data\spring-data-jpa\3.2.0\spring-data-jpa-3.2.0.jar;C:\Users\lasit\.m2\repository\org\springframework\data\spring-data-commons\3.2.0\spring-data-commons-3.2.0.jar;C:\Users\lasit\.m2\repository\org\springframework\spring-orm\6.1.1\spring-orm-6.1.1.jar;C:\Users\lasit\.m2\repository\org\springframework\spring-tx\6.1.1\spring-tx-6.1.1.jar;C:\Users\lasit\.m2\repository\org\springframework\spring-aspects\6.1.1\spring-aspects-6.1.1.jar;C:\Users\lasit\.m2\repository\org\springframework\boot\spring-boot-starter-thymeleaf\3.2.0\spring-boot-starter-thymeleaf-3.2.0.jar;C:\Users\lasit\.m2\repository\org\thymeleaf\thymeleaf-spring6\3.1.2.RELEASE\thymeleaf-spring6-3.1.2.RELEASE.jar;C:\Users\lasit\.m2\repository\org\thymeleaf\thymeleaf\3.1.2.RELEASE\thymeleaf-3.1.2.RELEASE.jar;C:\Users\lasit\.m2\repository\org\attoparser\attoparser\2.0.7.RELEASE\attoparser-2.0.7.RELEASE.jar;C:\Users\lasit\.m2\repository\org\unbescape\unbescape\1.1.6.RELEASE\unbescape-1.1.6.RELEASE.jar;C:\Users\lasit\.m2\repository\io\jsonwebtoken\jjwt-api\0.11.5\jjwt-api-0.11.5.jar;C:\Users\lasit\.m2\repository\org\projectlombok\lombok\1.18.30\lombok-1.18.30.jar;C:\Users\lasit\.m2\repository\org\modelmapper\modelmapper\3.1.1\modelmapper-3.1.1.jar;C:\Users\lasit\.m2\repository\org\springframework\boot\spring-boot-starter-actuator\3.2.0\spring-boot-starter-actuator-3.2.0.jar;C:\Users\lasit\.m2\repository\org\springframework\boot\spring-boot-actuator-autoconfigure\3.2.0\spring-boot-actuator-autoconfigure-3.2.0.jar;C:\Users\lasit\.m2\repository\org\springframework\boot\spring-boot-actuator\3.2.0\spring-boot-actuator-3.2.0.jar;C:\Users\lasit\.m2\repository\io\micrometer\micrometer-observation\1.12.0\micrometer-observation-1.12.0.jar;C:\Users\lasit\.m2\repository\io\micrometer\micrometer-commons\1.12.0\micrometer-commons-1.12.0.jar;C:\Users\lasit\.m2\repository\io\micrometer\micrometer-jakarta9\1.12.0\micrometer-jakarta9-1.12.0.jar;C:\Users\lasit\.m2\repository\io\micrometer\micrometer-core\1.12.0\micrometer-core-1.12.0.jar;C:\Users\lasit\.m2\repository\org\hdrhistogram\HdrHistogram\2.1.12\HdrHistogram-2.1.12.jar;C:\Users\lasit\.m2\repository\org\latencyutils\LatencyUtils\2.0.3\LatencyUtils-2.0.3.jar;"/>
    <property name="sun.cpu.endian" value="little"/>
    <property name="user.home" value="C:\Users\lasit"/>
    <property name="user.language" value="en"/>
    <property name="java.specification.vendor" value="Oracle Corporation"/>
    <property name="java.version.date" value="2024-01-16"/>
    <property name="java.home" value="C:\Program Files\Java\jdk-21"/>
    <property name="file.separator" value="\"/>
    <property name="basedir" value="C:\Users\lasit\OneDrive\Documents\IDEs\VS Code\Paff-Yummly-App\backend"/>
    <property name="java.vm.compressedOopsMode" value="Zero based"/>
    <property name="line.separator" value="&#10;"/>
    <property name="java.vm.specification.vendor" value="Oracle Corporation"/>
    <property name="java.specification.name" value="Java Platform API Specification"/>
    <property name="FILE_LOG_CHARSET" value="UTF-8"/>
    <property name="java.awt.headless" value="true"/>
    <property name="surefire.real.class.path" value="C:\Users\lasit\AppData\Local\Temp\surefire6391471486483500710\surefirebooter-20250506170503822_3.jar"/>
    <property name="user.script" value=""/>
    <property name="sun.management.compiler" value="HotSpot 64-Bit Tiered Compilers"/>
    <property name="java.runtime.version" value="21.0.2+13-LTS-58"/>
    <property name="user.name" value="lasit"/>
    <property name="stdout.encoding" value="Cp1252"/>
    <property name="path.separator" value=";"/>
    <property name="os.version" value="10.0"/>
    <property name="java.runtime.name" value="Java(TM) SE Runtime Environment"/>
    <property name="file.encoding" value="UTF-8"/>
    <property name="java.vm.name" value="Java HotSpot(TM) 64-Bit Server VM"/>
    <property name="localRepository" value="C:\Users\lasit\.m2\repository"/>
    <property name="java.vendor.url.bug" value="https://bugreport.java.com/bugreport/"/>
    <property name="java.io.tmpdir" value="C:\Users\lasit\AppData\Local\Temp\"/>
    <property name="com.zaxxer.hikari.pool_number" value="1"/>
    <property name="java.version" value="21.0.2"/>
    <property name="user.dir" value="C:\Users\lasit\OneDrive\Documents\IDEs\VS Code\Paff-Yummly-App\backend"/>
    <property name="os.arch" value="amd64"/>
    <property name="java.vm.specification.name" value="Java Virtual Machine Specification"/>
    <property name="PID" value="11356"/>
    <property name="sun.os.patch.level" value=""/>
    <property name="CONSOLE_LOG_CHARSET" value="UTF-8"/>
    <property name="native.encoding" value="Cp1252"/>
    <property name="java.library.path" value="C:\Program Files\Java\jdk-21\bin;C:\WINDOWS\Sun\Java\bin;C:\WINDOWS\system32;C:\WINDOWS;C:\Users\lasit\AppData\Local\Programs\Python\Python312\Scripts\;C:\Users\lasit\AppData\Local\Programs\Python\Python312\;C:\Program Files\Common Files\Oracle\Java\javapath;C:\Program Files (x86)\Common Files\Oracle\Java\java8path;C:\Program Files (x86)\Common Files\Oracle\Java\javapath;C:\Windows\system32;C:\Windows;C:\Windows\System32\Wbem;C:\Windows\System32\WindowsPowerShell\v1.0\;C:\Windows\System32\OpenSSH\;C:\Program Files\Microsoft SQL Server\Client SDK\ODBC\170\Tools\Binn\;C:\Program Files (x86)\Microsoft SQL Server\150\Tools\Binn\;C:\Program Files\Microsoft SQL Server\150\Tools\Binn\;C:\Program Files\Microsoft SQL Server\150\DTS\Binn\;C:\Program Files (x86)\Windows Kits\8.1\Windows Performance Toolkit\;C:\WINDOWS\system32;C:\WINDOWS;C:\WINDOWS\System32\Wbem;C:\WINDOWS\System32\WindowsPowerShell\v1.0\;C:\WINDOWS\System32\OpenSSH\;C:\Program Files\dotnet\;C:\mingw64\bin;C:\Program Files (x86)\Microsoft SQL Server\160\Tools\Binn\;C:\Program Files\Microsoft SQL Server\160\Tools\Binn\;C:\Program Files\Microsoft SQL Server\160\DTS\Binn\;C:\Program Files\Azure Data Studio\bin;C:\Program Files\nodejs\;C:\ProgramData\chocolatey\bin;C:\Program Files\Java\jdk-21\bin;C:\Users\lasit\AppData\Local\Android\Sdk\tools;C:\Users\lasit\AppData\Local\Android\Sdk\platform-tools;c:\Users\lasit\AppData\Local\Programs\cursor\resources\app\bin;C:\Program Files\NVIDIA Corporation\NVIDIA app\NvDLISR;C:\WINDOWS\system32;C:\WINDOWS;C:\WINDOWS\System32\Wbem;C:\WINDOWS\System32\WindowsPowerShell\v1.0\;C:\WINDOWS\System32\OpenSSH\;C:\Users\lasit\AppData\Local\Android\Sdk\emulator;C:\Users\lasit\AppData\Local\Android\Sdk\tools;C:\Users\lasit\AppData\Local\Android\Sdk\tools\bin;C:\Users\lasit\AppData\Local\Android\Sdk\platform-tools;C:\Program Files\Java\jdk-21\bin;C:\Program Files\Git\cmd;C:\Program Files\Apache\Maven\apache-maven-3.9.9\bin;;C:\Program Files\Docker\Docker\resources\bin;C:\Users\lasit\AppData\Local\Programs\Python\Launcher\;C:\Users\lasit\AppData\Local\Microsoft\WindowsApps;C:\Users\lasit\AppData\Local\Programs\Microsoft VS Code\bin;C:\Program Files\Azure Data Studio\bin;C:\Users\lasit\AppData\Roaming\npm;C:\Users\lasit\AppData\Local\GitHubDesktop\bin;C:\Program Files\JetBrains\IntelliJ IDEA 2024.2.1\bin;;C:\Program Files\JetBrains\IntelliJ IDEA Community Edition 2024.2.1\bin;;C:\Users\lasit\AppData\Local\Programs\cursor\resources\app\bin;."/>
    <property name="java.vm.info" value="mixed mode, sharing"/>
    <property name="stderr.encoding" value="Cp1252"/>
    <property name="java.vendor" value="Oracle Corporation"/>
    <property name="java.vm.version" value="21.0.2+13-LTS-58"/>
    <property name="sun.io.unicode.encoding" value="UnicodeLittle"/>
    <property name="java.class.version" value="65.0"/>
  </properties>
  <testcase name="contextLoads" classname="com.yummly.web.WebApplicationTests" time="0.605">
    <system-out><![CDATA[17:05:04.706 [main] INFO org.springframework.test.context.support.AnnotationConfigContextLoaderUtils -- Could not detect default configuration classes for test class [com.yummly.web.WebApplicationTests]: WebApplicationTests does not declare any static, non-private, non-final, nested classes annotated with @Configuration.
17:05:04.829 [main] INFO org.springframework.boot.test.context.SpringBootTestContextBootstrapper -- Found @SpringBootConfiguration com.yummly.web.WebApplication for test class com.yummly.web.WebApplicationTests

  .   ____          _            __ _ _
 /\\ / ___'_ __ _ _(_)_ __  __ _ \ \ \ \
( ( )\___ | '_ | '_| | '_ \/ _` | \ \ \ \
 \\/  ___)| |_)| | | | | || (_| |  ) ) ) )
  '  |____| .__|_| |_|_| |_\__, | / / / /
 =========|_|==============|___/=/_/_/_/
 :: Spring Boot ::                (v3.2.0)

2025-05-06T17:05:05.235+05:30  INFO 11356 --- [           main] com.yummly.web.WebApplicationTests       : Starting WebApplicationTests using Java 21.0.2 with PID 11356 (started by lasit in C:\Users\lasit\OneDrive\Documents\IDEs\VS Code\Paff-Yummly-App\backend)
2025-05-06T17:05:05.235+05:30 DEBUG 11356 --- [           main] com.yummly.web.WebApplicationTests       : Running with Spring Boot v3.2.0, Spring v6.1.1
2025-05-06T17:05:05.235+05:30  INFO 11356 --- [           main] com.yummly.web.WebApplicationTests       : The following 1 profile is active: "test"
2025-05-06T17:05:07.332+05:30  INFO 11356 --- [           main] o.hibernate.jpa.internal.util.LogHelper  : HHH000204: Processing PersistenceUnitInfo [name: default]
2025-05-06T17:05:07.397+05:30  INFO 11356 --- [           main] org.hibernate.Version                    : HHH000412: Hibernate ORM core version 6.3.1.Final
2025-05-06T17:05:07.467+05:30  INFO 11356 --- [           main] o.h.c.internal.RegionFactoryInitiator    : HHH000026: Second-level cache disabled
2025-05-06T17:05:07.802+05:30  INFO 11356 --- [           main] com.zaxxer.hikari.HikariDataSource       : HikariPool-1 - Starting...
2025-05-06T17:05:07.952+05:30  INFO 11356 --- [           main] com.zaxxer.hikari.pool.HikariPool        : HikariPool-1 - Added connection conn0: url=jdbc:h2:mem:testdb user=SA
2025-05-06T17:05:07.952+05:30  INFO 11356 --- [           main] com.zaxxer.hikari.HikariDataSource       : HikariPool-1 - Start completed.
2025-05-06T17:05:07.962+05:30  WARN 11356 --- [           main] org.hibernate.orm.deprecation            : HHH90000025: H2Dialect does not need to be specified explicitly using 'hibernate.dialect' (remove the property setting and it will be selected by default)
2025-05-06T17:05:08.902+05:30  INFO 11356 --- [           main] o.h.e.t.j.p.i.JtaPlatformInitiator       : HHH000489: No JTA platform available (set 'hibernate.transaction.jta.platform' to enable JTA platform integration)
2025-05-06T17:05:08.931+05:30 DEBUG 11356 --- [           main] org.hibernate.SQL                        : 
    drop table if exists "Comment" cascade 
Hibernate: 
    drop table if exists "Comment" cascade 
2025-05-06T17:05:08.934+05:30 DEBUG 11356 --- [           main] org.hibernate.SQL                        : 
    drop table if exists "User" cascade 
Hibernate: 
    drop table if exists "User" cascade 
2025-05-06T17:05:08.934+05:30 DEBUG 11356 --- [           main] org.hibernate.SQL                        : 
    drop table if exists "community_groups" cascade 
Hibernate: 
    drop table if exists "community_groups" cascade 
2025-05-06T17:05:08.934+05:30 DEBUG 11356 --- [           main] org.hibernate.SQL                        : 
    drop table if exists "group_comments" cascade 
Hibernate: 
    drop table if exists "group_comments" cascade 
2025-05-06T17:05:08.934+05:30 DEBUG 11356 --- [           main] org.hibernate.SQL                        : 
    drop table if exists "group_discussions" cascade 
Hibernate: 
    drop table if exists "group_discussions" cascade 
2025-05-06T17:05:08.934+05:30 DEBUG 11356 --- [           main] org.hibernate.SQL                        : 
    drop table if exists "group_memberships" cascade 
Hibernate: 
    drop table if exists "group_memberships" cascade 
2025-05-06T17:05:08.934+05:30 DEBUG 11356 --- [           main] org.hibernate.SQL                        : 
    drop table if exists "likes" cascade 
Hibernate: 
    drop table if exists "likes" cascade 
2025-05-06T17:05:08.934+05:30 DEBUG 11356 --- [           main] org.hibernate.SQL                        : 
    drop table if exists "posts" cascade 
Hibernate: 
    drop table if exists "posts" cascade 
2025-05-06T17:05:08.934+05:30 DEBUG 11356 --- [           main] org.hibernate.SQL                        : 
    create table "Comment" (
        "createdAt" timestamp(6),
        "id" bigint generated by default as identity,
        "post_id" bigint not null,
        "user_id" bigint not null,
        "content" varchar(255),
        primary key ("id")
    )
Hibernate: 
    create table "Comment" (
        "createdAt" timestamp(6),
        "id" bigint generated by default as identity,
        "post_id" bigint not null,
        "user_id" bigint not null,
        "content" varchar(255),
        primary key ("id")
    )
2025-05-06T17:05:08.934+05:30 DEBUG 11356 --- [           main] org.hibernate.SQL                        : 
    create table "User" (
        "id" bigint not null,
        "email" varchar(255),
        "name" varchar(255),
        "password" varchar(255),
        primary key ("id")
    )
Hibernate: 
    create table "User" (
        "id" bigint not null,
        "email" varchar(255),
        "name" varchar(255),
        "password" varchar(255),
        primary key ("id")
    )
2025-05-06T17:05:08.950+05:30 DEBUG 11356 --- [           main] org.hibernate.SQL                        : 
    create table "community_groups" (
        "admin_id" bigint not null,
        "created_at" timestamp(6),
        "id" bigint generated by default as identity,
        "cuisineType" varchar(255) not null,
        "description" varchar(255),
        "name" varchar(255) not null,
        primary key ("id")
    )
Hibernate: 
    create table "community_groups" (
        "admin_id" bigint not null,
        "created_at" timestamp(6),
        "id" bigint generated by default as identity,
        "cuisineType" varchar(255) not null,
        "description" varchar(255),
        "name" varchar(255) not null,
        primary key ("id")
    )
2025-05-06T17:05:08.951+05:30 DEBUG 11356 --- [           main] org.hibernate.SQL                        : 
    create table "group_comments" (
        "created_at" timestamp(6),
        "discussion_id" bigint not null,
        "id" bigint generated by default as identity,
        "user_id" bigint not null,
        "content" varchar(10000) not null,
        primary key ("id")
    )
Hibernate: 
    create table "group_comments" (
        "created_at" timestamp(6),
        "discussion_id" bigint not null,
        "id" bigint generated by default as identity,
        "user_id" bigint not null,
        "content" varchar(10000) not null,
        primary key ("id")
    )
2025-05-06T17:05:08.952+05:30 DEBUG 11356 --- [           main] org.hibernate.SQL                        : 
    create table "group_discussions" (
        "created_at" timestamp(6),
        "group_id" bigint not null,
        "id" bigint generated by default as identity,
        "user_id" bigint not null,
        "content" varchar(10000) not null,
        "title" varchar(255) not null,
        primary key ("id")
    )
Hibernate: 
    create table "group_discussions" (
        "created_at" timestamp(6),
        "group_id" bigint not null,
        "id" bigint generated by default as identity,
        "user_id" bigint not null,
        "content" varchar(10000) not null,
        "title" varchar(255) not null,
        primary key ("id")
    )
2025-05-06T17:05:08.952+05:30 DEBUG 11356 --- [           main] org.hibernate.SQL                        : 
    create table "group_memberships" (
        "is_moderator" boolean,
        "group_id" bigint not null,
        "id" bigint generated by default as identity,
        "joined_at" timestamp(6),
        "user_id" bigint not null,
        primary key ("id")
    )
Hibernate: 
    create table "group_memberships" (
        "is_moderator" boolean,
        "group_id" bigint not null,
        "id" bigint generated by default as identity,
        "joined_at" timestamp(6),
        "user_id" bigint not null,
        primary key ("id")
    )
2025-05-06T17:05:08.956+05:30 DEBUG 11356 --- [           main] org.hibernate.SQL                        : 
    create table "likes" (
        "id" bigint generated by default as identity,
        "post_id" bigint not null,
        "user_id" bigint not null,
        primary key ("id"),
        unique ("post_id", "user_id")
    )
Hibernate: 
    create table "likes" (
        "id" bigint generated by default as identity,
        "post_id" bigint not null,
        "user_id" bigint not null,
        primary key ("id"),
        unique ("post_id", "user_id")
    )
2025-05-06T17:05:08.956+05:30 DEBUG 11356 --- [           main] org.hibernate.SQL                        : 
    create table "posts" (
        "id" bigint generated by default as identity,
        "user_id" bigint,
        "description" varchar(255),
        "image" varchar(255),
        "title" varchar(255),
        "video" varchar(255),
        primary key ("id")
    )
Hibernate: 
    create table "posts" (
        "id" bigint generated by default as identity,
        "user_id" bigint,
        "description" varchar(255),
        "image" varchar(255),
        "title" varchar(255),
        "video" varchar(255),
        primary key ("id")
    )
2025-05-06T17:05:08.956+05:30 DEBUG 11356 --- [           main] org.hibernate.SQL                        : 
    alter table if exists "Comment" 
       add constraint "FKnfqn8dyi8i6e8pbq4efnl75tm" 
       foreign key ("post_id") 
       references "posts"
Hibernate: 
    alter table if exists "Comment" 
       add constraint "FKnfqn8dyi8i6e8pbq4efnl75tm" 
       foreign key ("post_id") 
       references "posts"
2025-05-06T17:05:08.956+05:30 DEBUG 11356 --- [           main] org.hibernate.SQL                        : 
    alter table if exists "Comment" 
       add constraint "FKkf1pjmbmty20wa12ub4lb9ao" 
       foreign key ("user_id") 
       references "User"
Hibernate: 
    alter table if exists "Comment" 
       add constraint "FKkf1pjmbmty20wa12ub4lb9ao" 
       foreign key ("user_id") 
       references "User"
2025-05-06T17:05:08.956+05:30 DEBUG 11356 --- [           main] org.hibernate.SQL                        : 
    alter table if exists "community_groups" 
       add constraint "FK3jde5x77hsy29enlhw0qqm1o4" 
       foreign key ("admin_id") 
       references "User"
Hibernate: 
    alter table if exists "community_groups" 
       add constraint "FK3jde5x77hsy29enlhw0qqm1o4" 
       foreign key ("admin_id") 
       references "User"
2025-05-06T17:05:08.956+05:30 DEBUG 11356 --- [           main] org.hibernate.SQL                        : 
    alter table if exists "group_comments" 
       add constraint "FK2d74268w0rkxs9iad4kx0c301" 
       foreign key ("discussion_id") 
       references "group_discussions"
Hibernate: 
    alter table if exists "group_comments" 
       add constraint "FK2d74268w0rkxs9iad4kx0c301" 
       foreign key ("discussion_id") 
       references "group_discussions"
2025-05-06T17:05:08.956+05:30 DEBUG 11356 --- [           main] org.hibernate.SQL                        : 
    alter table if exists "group_comments" 
       add constraint "FK3b7oiqslerqlfnnbwu4g0uoko" 
       foreign key ("user_id") 
       references "User"
Hibernate: 
    alter table if exists "group_comments" 
       add constraint "FK3b7oiqslerqlfnnbwu4g0uoko" 
       foreign key ("user_id") 
       references "User"
2025-05-06T17:05:08.956+05:30 DEBUG 11356 --- [           main] org.hibernate.SQL                        : 
    alter table if exists "group_discussions" 
       add constraint "FK97eennn9jkjujlj2k73f0ppyc" 
       foreign key ("group_id") 
       references "community_groups"
Hibernate: 
    alter table if exists "group_discussions" 
       add constraint "FK97eennn9jkjujlj2k73f0ppyc" 
       foreign key ("group_id") 
       references "community_groups"
2025-05-06T17:05:08.956+05:30 DEBUG 11356 --- [           main] org.hibernate.SQL                        : 
    alter table if exists "group_discussions" 
       add constraint "FKge2ndrux9safrs06kt5tw698y" 
       foreign key ("user_id") 
       references "User"
Hibernate: 
    alter table if exists "group_discussions" 
       add constraint "FKge2ndrux9safrs06kt5tw698y" 
       foreign key ("user_id") 
       references "User"
2025-05-06T17:05:08.974+05:30 DEBUG 11356 --- [           main] org.hibernate.SQL                        : 
    alter table if exists "group_memberships" 
       add constraint "FK9hjs94tmqld6ur10qkb1qnop5" 
       foreign key ("group_id") 
       references "community_groups"
Hibernate: 
    alter table if exists "group_memberships" 
       add constraint "FK9hjs94tmqld6ur10qkb1qnop5" 
       foreign key ("group_id") 
       references "community_groups"
2025-05-06T17:05:08.974+05:30 DEBUG 11356 --- [           main] org.hibernate.SQL                        : 
    alter table if exists "group_memberships" 
       add constraint "FKh9i9v00fwe3fggm9udb9vl0yf" 
       foreign key ("user_id") 
       references "User"
Hibernate: 
    alter table if exists "group_memberships" 
       add constraint "FKh9i9v00fwe3fggm9udb9vl0yf" 
       foreign key ("user_id") 
       references "User"
2025-05-06T17:05:08.974+05:30 DEBUG 11356 --- [           main] org.hibernate.SQL                        : 
    alter table if exists "likes" 
       add constraint "FK249hca1r3htfhptpkgeyqgn23" 
       foreign key ("post_id") 
       references "posts"
Hibernate: 
    alter table if exists "likes" 
       add constraint "FK249hca1r3htfhptpkgeyqgn23" 
       foreign key ("post_id") 
       references "posts"
2025-05-06T17:05:08.974+05:30 DEBUG 11356 --- [           main] org.hibernate.SQL                        : 
    alter table if exists "likes" 
       add constraint "FKbf38l9r5sss3qc8jfrxeavx5m" 
       foreign key ("user_id") 
       references "User"
Hibernate: 
    alter table if exists "likes" 
       add constraint "FKbf38l9r5sss3qc8jfrxeavx5m" 
       foreign key ("user_id") 
       references "User"
2025-05-06T17:05:08.974+05:30 DEBUG 11356 --- [           main] org.hibernate.SQL                        : 
    alter table if exists "posts" 
       add constraint "FK6mfa8srjbxg5o07iky7kta1vi" 
       foreign key ("user_id") 
       references "User"
Hibernate: 
    alter table if exists "posts" 
       add constraint "FK6mfa8srjbxg5o07iky7kta1vi" 
       foreign key ("user_id") 
       references "User"
2025-05-06T17:05:13.225+05:30  INFO 11356 --- [           main] com.yummly.web.WebApplicationTests       : Started WebApplicationTests in 8.256 seconds (process running for 9.262)
Upload directory property value: ./uploads
Directory exists!
Absolute path: C:\Users\lasit\OneDrive\Documents\IDEs\VS Code\Paff-Yummly-App\backend\.\uploads
Contents:
- 98bdb1b0-7843-4fea-8ea1-2c3910843dff_OIP.jpeg
]]></system-out>
    <system-err><![CDATA[WARNING: A Java agent has been loaded dynamically (C:\Users\lasit\.m2\repository\net\bytebuddy\byte-buddy-agent\1.14.10\byte-buddy-agent-1.14.10.jar)
WARNING: If a serviceability tool is in use, please run with -XX:+EnableDynamicAgentLoading to hide this warning
WARNING: If a serviceability tool is not in use, please run with -Djdk.instrument.traceUsage for more information
WARNING: Dynamic loading of agents will be disallowed by default in a future release
]]></system-err>
  </testcase>
</testsuite>